<?xml version="1.0" encoding="UTF-8"?>
<!-- Generated by org.testng.reporters.JUnitReportReporter -->
<testsuite hostname="DESKTOP-V2FSN10" failures="0" tests="3" name="Selenium.Automation.TestNgExample" time="22.144" errors="0" timestamp="2021-11-20T10:30:13 IST" skipped="0">
  <testcase classname="Selenium.Automation.TestNgExample" name="verifyHomepageTitle" time="6.098"/>
  <system-out/>
  <testcase classname="Selenium.Automation.TestNgExample" name="verifyLoginPage" time="7.512"/>
  <system-out/>
  <testcase classname="Selenium.Automation.TestNgExample" name="verifyFlightReservation" time="8.534"/>
  <system-out/>
</testsuite> <!-- Selenium.Automation.TestNgExample -->
